#
# A fatal error has been detected by the Java Runtime Environment:
#
#  Internal Error (javaClasses.cpp:126), pid=7072, tid=6592
#  fatal error: Invalid layout of preloaded class
#
# JRE version:  (8.0_25-b18) (build )
# Java VM: Java HotSpot(TM) 64-Bit Server VM (25.25-b02 mixed mode windows-amd64 compressed oops)
# Failed to write core dump. Minidumps are not enabled by default on client versions of Windows
#
# If you would like to submit a bug report, please visit:
#   http://bugreport.sun.com/bugreport/crash.jsp
#

---------------  T H R E A D  ---------------

Current thread (0x0000000001ddd800):  JavaThread "Unknown thread" [_thread_in_vm, id=6592, stack(0x0000000002110000,0x0000000002210000)]

Stack: [0x0000000002110000,0x0000000002210000]
Native frames: (J=compiled Java code, j=interpreted, Vv=VM code, C=native code)
V  [jvm.dll+0x31667a]
V  [jvm.dll+0x267073]
V  [jvm.dll+0x267cb3]
V  [jvm.dll+0x25f536]
V  [jvm.dll+0x5e773]
V  [jvm.dll+0x5e863]
V  [jvm.dll+0x731ca]
V  [jvm.dll+0x73528]
V  [jvm.dll+0xe48b7]
V  [jvm.dll+0xe4c46]
V  [jvm.dll+0x1f9ae7]
V  [jvm.dll+0x22b2e4]
V  [jvm.dll+0x14d571]
C  [javaw.exe+0x20c6]
C  [javaw.exe+0xc9eb]
C  [javaw.exe+0xca7f]
C  [KERNEL32.DLL+0x16ad]
C  [ntdll.dll+0x54409]


---------------  P R O C E S S  ---------------

Java Threads: ( => current thread )

Other Threads:

=>0x0000000001ddd800 (exited) JavaThread "Unknown thread" [_thread_in_vm, id=6592, stack(0x0000000002110000,0x0000000002210000)]

VM state:not at safepoint (not fully initialized)

VM Mutex/Monitor currently owned by a thread: None

GC Heap History (0 events):
No events

Deoptimization events (0 events):
No events

Internal exceptions (0 events):
No events

Events (10 events):
Event: 0.011 loading class java/lang/CharSequence done
Event: 0.011 loading class java/lang/String done
Event: 0.011 loading class java/lang/Class
Event: 0.011 loading class java/lang/reflect/AnnotatedElement
Event: 0.011 loading class java/lang/reflect/AnnotatedElement done
Event: 0.011 loading class java/lang/reflect/GenericDeclaration
Event: 0.011 loading class java/lang/reflect/GenericDeclaration done
Event: 0.011 loading class java/lang/reflect/Type
Event: 0.011 loading class java/lang/reflect/Type done
Event: 0.011 loading class java/lang/Class done


Dynamic libraries:
0x00007ff651110000 - 0x00007ff651144000 	C:\Program Files\Java\jre1.8.0_25\bin\javaw.exe
0x00007ffd23bb0000 - 0x00007ffd23d56000 	C:\windows\SYSTEM32\ntdll.dll
0x00007ffd22320000 - 0x00007ffd2245a000 	C:\windows\system32\KERNEL32.DLL
0x00007ffd21280000 - 0x00007ffd2138f000 	C:\windows\system32\KERNELBASE.dll
0x00007ffd1fb30000 - 0x00007ffd1fbb8000 	C:\windows\system32\apphelp.dll
0x00007ffd0d310000 - 0x00007ffd0d35f000 	C:\windows\AppPatch\AppPatch64\AcGenral.DLL
0x00007ffd214b0000 - 0x00007ffd21557000 	C:\windows\system32\msvcrt.dll
0x00007ffd20d00000 - 0x00007ffd20d2b000 	C:\windows\SYSTEM32\SspiCli.dll
0x00007ffd216a0000 - 0x00007ffd216f1000 	C:\windows\system32\SHLWAPI.dll
0x00007ffd21a90000 - 0x00007ffd21c01000 	C:\windows\system32\USER32.dll
0x00007ffd21900000 - 0x00007ffd21a78000 	C:\windows\system32\ole32.dll
0x00007ffd225c0000 - 0x00007ffd239cf000 	C:\windows\system32\SHELL32.dll
0x00007ffd20510000 - 0x00007ffd2052e000 	C:\windows\SYSTEM32\USERENV.dll
0x00007ffd220d0000 - 0x00007ffd22175000 	C:\windows\system32\ADVAPI32.dll
0x00007ffd1f880000 - 0x00007ffd1f89b000 	C:\windows\SYSTEM32\MPR.dll
0x00007ffd221e0000 - 0x00007ffd22317000 	C:\windows\system32\RPCRT4.dll
0x00007ffd21430000 - 0x00007ffd21487000 	C:\windows\SYSTEM32\sechost.dll
0x00007ffd21cc0000 - 0x00007ffd21e96000 	C:\windows\SYSTEM32\combase.dll
0x00007ffd22470000 - 0x00007ffd225b4000 	C:\windows\system32\GDI32.dll
0x00007ffd20f20000 - 0x00007ffd20f34000 	C:\windows\SYSTEM32\profapi.dll
0x00007ffd1f380000 - 0x00007ffd1f41f000 	C:\windows\SYSTEM32\SHCORE.dll
0x00007ffd21f70000 - 0x00007ffd21fa4000 	C:\windows\system32\IMM32.DLL
0x00007ffd21560000 - 0x00007ffd21699000 	C:\windows\system32\MSCTF.dll
0x00007ffd1d4e0000 - 0x00007ffd1d73a000 	C:\windows\WinSxS\amd64_microsoft.windows.common-controls_6595b64144ccf1df_6.0.9600.17031_none_6242a4b3ecbb55a1\COMCTL32.dll
0x000000006c330000 - 0x000000006c402000 	C:\Program Files\Java\jre1.8.0_25\bin\msvcr100.dll
0x000000006b170000 - 0x000000006b9ca000 	C:\Program Files\Java\jre1.8.0_25\bin\server\jvm.dll
0x00007ffd1f8e0000 - 0x00007ffd1f8e9000 	C:\windows\SYSTEM32\WSOCK32.dll
0x00007ffd1c360000 - 0x00007ffd1c37f000 	C:\windows\SYSTEM32\WINMM.dll
0x00007ffd21fb0000 - 0x00007ffd21fb7000 	C:\windows\system32\PSAPI.DLL
0x00007ffd22070000 - 0x00007ffd220c8000 	C:\windows\system32\WS2_32.dll
0x00007ffd1c330000 - 0x00007ffd1c35a000 	C:\windows\SYSTEM32\WINMMBASE.dll
0x00007ffd22460000 - 0x00007ffd22469000 	C:\windows\system32\NSI.dll
0x00007ffd21390000 - 0x00007ffd213da000 	C:\windows\SYSTEM32\cfgmgr32.dll
0x00007ffd1fdb0000 - 0x00007ffd1fdd6000 	C:\windows\SYSTEM32\DEVOBJ.dll
0x000000006c500000 - 0x000000006c50f000 	C:\Program Files\Java\jre1.8.0_25\bin\verify.dll
0x000000006c4d0000 - 0x000000006c4f8000 	C:\Program Files\Java\jre1.8.0_25\bin\java.dll
0x000000006c4b0000 - 0x000000006c4c6000 	C:\Program Files\Java\jre1.8.0_25\bin\zip.dll
0x00007ffd1ed90000 - 0x00007ffd1ef18000 	C:\windows\SYSTEM32\dbghelp.dll

VM Arguments:
jvm_args: -Dfile.encoding=GBK -Xbootclasspath:D:\adt-bundle-windows-x86_64-20140321\sdk\platforms\android-19\android.jar 
java_command: com.baiyi.parttimejobs.util.Province
java_class_path (initial): D:\android\PartTimeJobs\bin\classes;D:\android\PartTimeJobs\libs\android-support-v4.jar
Launcher Type: SUN_STANDARD

Environment Variables:
JAVA_HOME=C:\Program Files\Java\jdk1.8.0_25\
CLASSPATH=£º.;C:\Program Files\Java\jdk1.8.0_25\\lib\dt.jar;C:\Program Files\Java\jdk1.8.0_25\\lib\tools.jar;
PATH=C:/Program Files/Java/jre1.8.0_25/bin/server;C:/Program Files/Java/jre1.8.0_25/bin;C:/Program Files/Java/jre1.8.0_25/lib/amd64;C:\ProgramData\Oracle\Java\javapath;C:\Program Files\Java\jdk1.8.0_25\\bin;C:\Program Files\Java\jdk1.8.0_25\\jre\bin;C:\Python27\;C:\Python27\Scripts;C:\django\django\bin;C:\website\djangoweb;C:\Program Files (x86)\Lenovo\FusionEngine;C:\Program Files (x86)\Intel\iCLS Client\;C:\Program Files\Intel\iCLS Client\;C:\windows\system32;C:\windows;C:\windows\System32\Wbem;C:\windows\System32\WindowsPowerShell\v1.0\;C:\Program Files\Intel\Intel(R) Management Engine Components\DAL;C:\Program Files\Intel\Intel(R) Management Engine Components\IPT;C:\Program Files (x86)\Intel\Intel(R) Management Engine Components\DAL;C:\Program Files (x86)\Intel\Intel(R) Management Engine Components\IPT;C:\Program Files (x86)\ATI Technologies\ATI.ACE\Core-Static;C:\Program Files\Lenovo\Bluetooth Software\;C:\Program Files\Lenovo\Bluetooth Software\syswow64;C:\Program Files (x86)\Common Files\lenovo\easyplussdk\bin;C:\Program Files (x86)\Lenovo\Lenovo Home\;C:\Program Files (x86)\Windows Kits\8.1\Windows Performance Toolkit\;C:\Program Files\Microsoft SQL Server\110\Tools\Binn\;C:\Program Files\TortoiseSVN\bin;C:\Program Files\VisualSVN Server\bin;C:\Program Files (x86)\Android\android-sdk\tools;C:\Program Files (x86)\Microsoft SQL Server\100\Tools\Binn\;C:\Program Files\Microsoft SQL Server\100\Tools\Binn\;C:\Program Files\Microsoft SQL Server\100\DTS\Binn\;C:\Program Files (x86)\Microsoft SQL Server\100\Tools\Binn\VSShell\Common7\IDE\;C:\Program Files (x86)\Microsoft Visual Studio 9.0\Common7\IDE\PrivateAssemblies\;C:\Program Files (x86)\Microsoft SQL Server\100\DTS\Binn\;C:\Program Files\nodejs\;C:\Program Files (x86)\Git\cmd;C:\Program Files (x86)\Git;C:\Users\zxt\AppData\Roaming\npm;D:\adt-bundle-windows-x86_64-20140321\eclipse;
USERNAME=zxt
OS=Windows_NT
PROCESSOR_IDENTIFIER=Intel64 Family 6 Model 60 Stepping 3, GenuineIntel



---------------  S Y S T E M  ---------------

OS: Windows 8.1 , 64 bit Build 9600 

CPU:total 4 (2 cores per cpu, 2 threads per core) family 6 model 60 stepping 3, cmov, cx8, fxsr, mmx, sse, sse2, sse3, ssse3, sse4.1, sse4.2, popcnt, avx, avx2, clmul, erms, lzcnt, ht, tsc, tscinvbit, bmi1, bmi2

Memory: 4k page, physical 4104472k(1246592k free), swap 14065944k(4803100k free)

vm_info: Java HotSpot(TM) 64-Bit Server VM (25.25-b02) for windows-amd64 JRE (1.8.0_25-b18), built on Oct  7 2014 14:25:37 by "java_re" with MS VC++ 10.0 (VS2010)

time: Wed Feb 25 12:16:57 2015
elapsed time: 0 seconds (0d 0h 0m 0s)

